<?xml version="1.0" encoding="UTF-8"?>
<!-- Generated by org.testng.reporters.JUnitReportReporter -->
<testsuite skipped="0" hostname="Vinay.local" name="TestNGPractice.TestNGPractice.AppTest1" tests="4" failures="0" timestamp="09 Apr 2022 06:05:56 GMT" time="0.020" errors="0">
  <testcase name="doUserRegestration" time="0.007" classname="TestNGPractice.TestNGPractice.AppTest1"/>
  <testcase name="login" time="0.008" classname="TestNGPractice.TestNGPractice.AppTest1"/>
  <testcase name="login" time="0.002" classname="TestNGPractice.TestNGPractice.AppTest1"/>
  <testcase name="doUserRegestration" time="0.003" classname="TestNGPractice.TestNGPractice.AppTest1"/>
</testsuite> <!-- TestNGPractice.TestNGPractice.AppTest1 -->
