<?xml version="1.0" encoding="UTF-8"?>
<!-- Generated by org.testng.reporters.JUnitReportReporter -->
<testsuite skipped="0" hostname="Vinay.local" name="TestNGPractice.TestNGPractice.AppTest5" tests="1" failures="0" timestamp="09 Apr 2022 06:32:40 GMT" time="0.009" errors="0">
  <testcase name="login" time="0.009" classname="TestNGPractice.TestNGPractice.AppTest5"/>
</testsuite> <!-- TestNGPractice.TestNGPractice.AppTest5 -->
